{"C:\\Users\\verau\\Desktop\\Projects\\SkillSwap_45_1\\src\\app\\store\\db\\selectors.ts": {"path":"C:\\Users\\verau\\Desktop\\Projects\\SkillSwap_45_1\\src\\app\\store\\db\\selectors.ts","all":false,"statementMap":{"0":{"start":{"line":1,"column":0},"end":{"line":1,"column":50}},"1":{"start":{"line":2,"column":0},"end":{"line":2,"column":0}},"2":{"start":{"line":3,"column":0},"end":{"line":3,"column":58}},"3":{"start":{"line":4,"column":0},"end":{"line":4,"column":68}},"4":{"start":{"line":5,"column":0},"end":{"line":5,"column":66}}},"s":{"0":1,"1":1,"2":1,"3":1,"4":1},"branchMap":{"0":{"type":"branch","line":3,"loc":{"start":{"line":3,"column":24},"end":{"line":3,"column":57}},"locations":[{"start":{"line":3,"column":24},"end":{"line":3,"column":57}}]}},"b":{"0":[6]},"fnMap":{"0":{"name":"selectDb","decl":{"start":{"line":3,"column":24},"end":{"line":3,"column":57}},"loc":{"start":{"line":3,"column":24},"end":{"line":3,"column":57}},"line":3},"1":{"name":"selectDbStatus","decl":{"start":{"line":4,"column":30},"end":{"line":4,"column":67}},"loc":{"start":{"line":4,"column":30},"end":{"line":4,"column":67}},"line":4},"2":{"name":"selectDbError","decl":{"start":{"line":5,"column":29},"end":{"line":5,"column":65}},"loc":{"start":{"line":5,"column":29},"end":{"line":5,"column":65}},"line":5}},"f":{"0":6,"1":0,"2":0}}
,"C:\\Users\\verau\\Desktop\\Projects\\SkillSwap_45_1\\src\\features\\filters\\model\\badges.ts": {"path":"C:\\Users\\verau\\Desktop\\Projects\\SkillSwap_45_1\\src\\features\\filters\\model\\badges.ts","all":false,"statementMap":{"0":{"start":{"line":1,"column":0},"end":{"line":1,"column":53}},"1":{"start":{"line":2,"column":0},"end":{"line":2,"column":45}},"2":{"start":{"line":3,"column":0},"end":{"line":3,"column":40}},"3":{"start":{"line":4,"column":0},"end":{"line":4,"column":0}},"4":{"start":{"line":5,"column":0},"end":{"line":5,"column":53}},"5":{"start":{"line":6,"column":0},"end":{"line":6,"column":0}},"6":{"start":{"line":7,"column":0},"end":{"line":7,"column":27}},"7":{"start":{"line":8,"column":0},"end":{"line":8,"column":40}},"8":{"start":{"line":9,"column":0},"end":{"line":9,"column":71}},"9":{"start":{"line":10,"column":0},"end":{"line":10,"column":0}},"10":{"start":{"line":11,"column":0},"end":{"line":11,"column":22}},"11":{"start":{"line":12,"column":0},"end":{"line":12,"column":13}},"12":{"start":{"line":13,"column":0},"end":{"line":13,"column":16}},"13":{"start":{"line":14,"column":0},"end":{"line":14,"column":19}},"14":{"start":{"line":15,"column":0},"end":{"line":15,"column":25}},"15":{"start":{"line":16,"column":0},"end":{"line":16,"column":2}},"16":{"start":{"line":17,"column":0},"end":{"line":17,"column":0}},"17":{"start":{"line":18,"column":0},"end":{"line":18,"column":88}},"18":{"start":{"line":19,"column":0},"end":{"line":19,"column":30}},"19":{"start":{"line":20,"column":0},"end":{"line":20,"column":0}},"20":{"start":{"line":21,"column":0},"end":{"line":21,"column":36}},"21":{"start":{"line":22,"column":0},"end":{"line":22,"column":86}},"22":{"start":{"line":23,"column":0},"end":{"line":23,"column":26}},"23":{"start":{"line":24,"column":0},"end":{"line":24,"column":19}},"24":{"start":{"line":25,"column":0},"end":{"line":25,"column":24}},"25":{"start":{"line":26,"column":0},"end":{"line":26,"column":37}},"26":{"start":{"line":27,"column":0},"end":{"line":27,"column":26}},"27":{"start":{"line":28,"column":0},"end":{"line":28,"column":65}},"28":{"start":{"line":29,"column":0},"end":{"line":29,"column":9}},"29":{"start":{"line":30,"column":0},"end":{"line":30,"column":5}},"30":{"start":{"line":31,"column":0},"end":{"line":31,"column":3}},"31":{"start":{"line":32,"column":0},"end":{"line":32,"column":0}},"32":{"start":{"line":33,"column":0},"end":{"line":33,"column":11}},"33":{"start":{"line":34,"column":0},"end":{"line":34,"column":51}},"34":{"start":{"line":35,"column":0},"end":{"line":35,"column":0}},"35":{"start":{"line":36,"column":0},"end":{"line":36,"column":94}},"36":{"start":{"line":37,"column":0},"end":{"line":37,"column":47}},"37":{"start":{"line":38,"column":0},"end":{"line":38,"column":0}},"38":{"start":{"line":39,"column":0},"end":{"line":39,"column":58}},"39":{"start":{"line":40,"column":0},"end":{"line":40,"column":69}},"40":{"start":{"line":41,"column":0},"end":{"line":41,"column":0}},"41":{"start":{"line":42,"column":0},"end":{"line":42,"column":26}},"42":{"start":{"line":43,"column":0},"end":{"line":43,"column":23}},"43":{"start":{"line":44,"column":0},"end":{"line":44,"column":47}},"44":{"start":{"line":45,"column":0},"end":{"line":45,"column":36}},"45":{"start":{"line":46,"column":0},"end":{"line":46,"column":32}},"46":{"start":{"line":47,"column":0},"end":{"line":47,"column":22}},"47":{"start":{"line":48,"column":0},"end":{"line":48,"column":34}},"48":{"start":{"line":49,"column":0},"end":{"line":49,"column":25}},"49":{"start":{"line":50,"column":0},"end":{"line":50,"column":28}},"50":{"start":{"line":51,"column":0},"end":{"line":51,"column":14}},"51":{"start":{"line":52,"column":0},"end":{"line":52,"column":13}},"52":{"start":{"line":53,"column":0},"end":{"line":53,"column":9}},"53":{"start":{"line":54,"column":0},"end":{"line":54,"column":7}},"54":{"start":{"line":55,"column":0},"end":{"line":55,"column":5}},"55":{"start":{"line":56,"column":0},"end":{"line":56,"column":3}},"56":{"start":{"line":57,"column":0},"end":{"line":57,"column":0}},"57":{"start":{"line":58,"column":0},"end":{"line":58,"column":16}},"58":{"start":{"line":59,"column":0},"end":{"line":59,"column":2}},"59":{"start":{"line":60,"column":0},"end":{"line":60,"column":0}},"60":{"start":{"line":61,"column":0},"end":{"line":61,"column":28}},"61":{"start":{"line":62,"column":0},"end":{"line":62,"column":25}},"62":{"start":{"line":63,"column":0},"end":{"line":63,"column":26}},"63":{"start":{"line":64,"column":0},"end":{"line":64,"column":16}},"64":{"start":{"line":65,"column":0},"end":{"line":65,"column":21}},"65":{"start":{"line":66,"column":0},"end":{"line":66,"column":75}},"66":{"start":{"line":67,"column":0},"end":{"line":67,"column":0}},"67":{"start":{"line":68,"column":0},"end":{"line":68,"column":35}},"68":{"start":{"line":69,"column":0},"end":{"line":69,"column":46}},"69":{"start":{"line":70,"column":0},"end":{"line":70,"column":44}},"70":{"start":{"line":71,"column":0},"end":{"line":71,"column":38}},"71":{"start":{"line":72,"column":0},"end":{"line":72,"column":26}},"72":{"start":{"line":73,"column":0},"end":{"line":73,"column":25}},"73":{"start":{"line":74,"column":0},"end":{"line":74,"column":28}},"74":{"start":{"line":75,"column":0},"end":{"line":75,"column":6}},"75":{"start":{"line":76,"column":0},"end":{"line":76,"column":50}},"76":{"start":{"line":77,"column":0},"end":{"line":77,"column":68}},"77":{"start":{"line":78,"column":0},"end":{"line":78,"column":0}},"78":{"start":{"line":79,"column":0},"end":{"line":79,"column":29}},"79":{"start":{"line":80,"column":0},"end":{"line":80,"column":31}},"80":{"start":{"line":81,"column":0},"end":{"line":81,"column":73}},"81":{"start":{"line":82,"column":0},"end":{"line":82,"column":6}},"82":{"start":{"line":83,"column":0},"end":{"line":83,"column":3}},"83":{"start":{"line":84,"column":0},"end":{"line":84,"column":0}},"84":{"start":{"line":85,"column":0},"end":{"line":85,"column":20}},"85":{"start":{"line":86,"column":0},"end":{"line":86,"column":2}}},"s":{"0":1,"1":1,"2":1,"3":1,"4":1,"5":1,"6":1,"7":1,"8":1,"9":1,"10":1,"11":1,"12":1,"13":1,"14":1,"15":1,"16":1,"17":1,"18":4,"19":4,"20":4,"21":1,"22":1,"23":1,"24":1,"25":1,"26":1,"27":1,"28":1,"29":1,"30":1,"31":4,"32":4,"33":2,"34":2,"35":2,"36":2,"37":2,"38":2,"39":2,"40":2,"41":2,"42":1,"43":1,"44":1,"45":1,"46":1,"47":1,"48":1,"49":1,"50":1,"51":1,"52":1,"53":2,"54":2,"55":2,"56":4,"57":4,"58":4,"59":1,"60":1,"61":2,"62":2,"63":2,"64":2,"65":2,"66":2,"67":2,"68":1,"69":1,"70":1,"71":1,"72":1,"73":1,"74":1,"75":1,"76":1,"77":1,"78":1,"79":1,"80":1,"81":1,"82":1,"83":2,"84":2,"85":2},"branchMap":{"0":{"type":"branch","line":18,"loc":{"start":{"line":18,"column":34},"end":{"line":59,"column":2}},"locations":[{"start":{"line":18,"column":34},"end":{"line":59,"column":2}}]},"1":{"type":"branch","line":21,"loc":{"start":{"line":21,"column":35},"end":{"line":31,"column":3}},"locations":[{"start":{"line":21,"column":35},"end":{"line":31,"column":3}}]},"2":{"type":"branch","line":33,"loc":{"start":{"line":33,"column":10},"end":{"line":56,"column":3}},"locations":[{"start":{"line":33,"column":10},"end":{"line":56,"column":3}}]},"3":{"type":"branch","line":42,"loc":{"start":{"line":42,"column":25},"end":{"line":53,"column":9}},"locations":[{"start":{"line":42,"column":25},"end":{"line":53,"column":9}}]},"4":{"type":"branch","line":22,"loc":{"start":{"line":22,"column":44},"end":{"line":22,"column":84}},"locations":[{"start":{"line":22,"column":44},"end":{"line":22,"column":84}}]},"5":{"type":"branch","line":61,"loc":{"start":{"line":61,"column":27},"end":{"line":86,"column":2}},"locations":[{"start":{"line":61,"column":27},"end":{"line":86,"column":2}}]},"6":{"type":"branch","line":68,"loc":{"start":{"line":68,"column":34},"end":{"line":83,"column":3}},"locations":[{"start":{"line":68,"column":34},"end":{"line":83,"column":3}}]},"7":{"type":"branch","line":77,"loc":{"start":{"line":77,"column":61},"end":{"line":77,"column":67}},"locations":[{"start":{"line":77,"column":61},"end":{"line":77,"column":67}}]},"8":{"type":"branch","line":81,"loc":{"start":{"line":81,"column":43},"end":{"line":81,"column":71}},"locations":[{"start":{"line":81,"column":43},"end":{"line":81,"column":71}}]}},"b":{"0":[4],"1":[1],"2":[2],"3":[1],"4":[2],"5":[2],"6":[1],"7":[0],"8":[1]},"fnMap":{"0":{"name":"buildAppliedBadges","decl":{"start":{"line":18,"column":34},"end":{"line":59,"column":2}},"loc":{"start":{"line":18,"column":34},"end":{"line":59,"column":2}},"line":18},"1":{"name":"removeBadge","decl":{"start":{"line":61,"column":27},"end":{"line":86,"column":2}},"loc":{"start":{"line":61,"column":27},"end":{"line":86,"column":2}},"line":61}},"f":{"0":4,"1":2}}
,"C:\\Users\\verau\\Desktop\\Projects\\SkillSwap_45_1\\src\\features\\filters\\model\\defaults.ts": {"path":"C:\\Users\\verau\\Desktop\\Projects\\SkillSwap_45_1\\src\\features\\filters\\model\\defaults.ts","all":false,"statementMap":{"0":{"start":{"line":1,"column":0},"end":{"line":1,"column":44}},"1":{"start":{"line":2,"column":0},"end":{"line":2,"column":0}},"2":{"start":{"line":3,"column":0},"end":{"line":3,"column":37}},"3":{"start":{"line":4,"column":0},"end":{"line":4,"column":33}},"4":{"start":{"line":5,"column":0},"end":{"line":5,"column":46}},"5":{"start":{"line":6,"column":0},"end":{"line":6,"column":44}},"6":{"start":{"line":7,"column":0},"end":{"line":7,"column":2}},"7":{"start":{"line":8,"column":0},"end":{"line":8,"column":0}},"8":{"start":{"line":9,"column":0},"end":{"line":9,"column":33}},"9":{"start":{"line":10,"column":0},"end":{"line":10,"column":47}},"10":{"start":{"line":11,"column":0},"end":{"line":11,"column":38}},"11":{"start":{"line":12,"column":0},"end":{"line":12,"column":40}},"12":{"start":{"line":13,"column":0},"end":{"line":13,"column":2}},"13":{"start":{"line":14,"column":0},"end":{"line":14,"column":0}},"14":{"start":{"line":15,"column":0},"end":{"line":15,"column":53}},"15":{"start":{"line":16,"column":0},"end":{"line":16,"column":46}}},"s":{"0":1,"1":1,"2":1,"3":1,"4":1,"5":1,"6":1,"7":1,"8":1,"9":1,"10":1,"11":1,"12":1,"13":1,"14":1,"15":1},"branchMap":{},"b":{},"fnMap":{},"f":{}}
,"C:\\Users\\verau\\Desktop\\Projects\\SkillSwap_45_1\\src\\features\\filters\\model\\filtersSlice.ts": {"path":"C:\\Users\\verau\\Desktop\\Projects\\SkillSwap_45_1\\src\\features\\filters\\model\\filtersSlice.ts","all":false,"statementMap":{"0":{"start":{"line":1,"column":0},"end":{"line":1,"column":67}},"1":{"start":{"line":2,"column":0},"end":{"line":2,"column":66}},"2":{"start":{"line":3,"column":0},"end":{"line":3,"column":0}},"3":{"start":{"line":4,"column":0},"end":{"line":4,"column":37}},"4":{"start":{"line":5,"column":0},"end":{"line":5,"column":19}},"5":{"start":{"line":6,"column":0},"end":{"line":6,"column":17}},"6":{"start":{"line":7,"column":0},"end":{"line":7,"column":16}},"7":{"start":{"line":8,"column":0},"end":{"line":8,"column":13}},"8":{"start":{"line":9,"column":0},"end":{"line":9,"column":2}},"9":{"start":{"line":10,"column":0},"end":{"line":10,"column":0}},"10":{"start":{"line":11,"column":0},"end":{"line":11,"column":41}},"11":{"start":{"line":12,"column":0},"end":{"line":12,"column":18}},"12":{"start":{"line":13,"column":0},"end":{"line":13,"column":15}},"13":{"start":{"line":14,"column":0},"end":{"line":14,"column":13}},"14":{"start":{"line":15,"column":0},"end":{"line":15,"column":67}},"15":{"start":{"line":16,"column":0},"end":{"line":16,"column":28}},"16":{"start":{"line":17,"column":0},"end":{"line":17,"column":6}},"17":{"start":{"line":18,"column":0},"end":{"line":18,"column":61}},"18":{"start":{"line":19,"column":0},"end":{"line":19,"column":39}},"19":{"start":{"line":20,"column":0},"end":{"line":20,"column":6}},"20":{"start":{"line":21,"column":0},"end":{"line":21,"column":75}},"21":{"start":{"line":22,"column":0},"end":{"line":22,"column":40}},"22":{"start":{"line":23,"column":0},"end":{"line":23,"column":6}},"23":{"start":{"line":24,"column":0},"end":{"line":24,"column":58}},"24":{"start":{"line":25,"column":0},"end":{"line":25,"column":36}},"25":{"start":{"line":26,"column":0},"end":{"line":26,"column":6}},"26":{"start":{"line":27,"column":0},"end":{"line":27,"column":60}},"27":{"start":{"line":28,"column":0},"end":{"line":28,"column":36}},"28":{"start":{"line":29,"column":0},"end":{"line":29,"column":6}},"29":{"start":{"line":30,"column":0},"end":{"line":30,"column":30}},"30":{"start":{"line":31,"column":0},"end":{"line":31,"column":41}},"31":{"start":{"line":32,"column":0},"end":{"line":32,"column":6}},"32":{"start":{"line":33,"column":0},"end":{"line":33,"column":4}},"33":{"start":{"line":34,"column":0},"end":{"line":34,"column":3}},"34":{"start":{"line":35,"column":0},"end":{"line":35,"column":0}},"35":{"start":{"line":36,"column":0},"end":{"line":36,"column":94}},"36":{"start":{"line":37,"column":0},"end":{"line":37,"column":23}},"37":{"start":{"line":38,"column":0},"end":{"line":38,"column":36}}},"s":{"0":1,"1":1,"2":1,"3":1,"4":1,"5":1,"6":1,"7":1,"8":1,"9":1,"10":1,"11":1,"12":1,"13":1,"14":1,"15":1,"16":1,"17":1,"18":1,"19":1,"20":1,"21":1,"22":1,"23":1,"24":1,"25":1,"26":1,"27":1,"28":1,"29":1,"30":1,"31":1,"32":1,"33":1,"34":1,"35":1,"36":1,"37":1},"branchMap":{"0":{"type":"branch","line":15,"loc":{"start":{"line":15,"column":16},"end":{"line":17,"column":5}},"locations":[{"start":{"line":15,"column":16},"end":{"line":17,"column":5}}]},"1":{"type":"branch","line":18,"loc":{"start":{"line":18,"column":18},"end":{"line":20,"column":5}},"locations":[{"start":{"line":18,"column":18},"end":{"line":20,"column":5}}]},"2":{"type":"branch","line":21,"loc":{"start":{"line":21,"column":19},"end":{"line":23,"column":5}},"locations":[{"start":{"line":21,"column":19},"end":{"line":23,"column":5}}]},"3":{"type":"branch","line":24,"loc":{"start":{"line":24,"column":15},"end":{"line":26,"column":5}},"locations":[{"start":{"line":24,"column":15},"end":{"line":26,"column":5}}]},"4":{"type":"branch","line":27,"loc":{"start":{"line":27,"column":15},"end":{"line":29,"column":5}},"locations":[{"start":{"line":27,"column":15},"end":{"line":29,"column":5}}]},"5":{"type":"branch","line":30,"loc":{"start":{"line":30,"column":18},"end":{"line":32,"column":5}},"locations":[{"start":{"line":30,"column":18},"end":{"line":32,"column":5}}]}},"b":{"0":[1],"1":[1],"2":[1],"3":[1],"4":[1],"5":[1]},"fnMap":{"0":{"name":"setFilters","decl":{"start":{"line":15,"column":16},"end":{"line":17,"column":5}},"loc":{"start":{"line":15,"column":16},"end":{"line":17,"column":5}},"line":15},"1":{"name":"setOfferType","decl":{"start":{"line":18,"column":18},"end":{"line":20,"column":5}},"loc":{"start":{"line":18,"column":18},"end":{"line":20,"column":5}},"line":18},"2":{"name":"setCategories","decl":{"start":{"line":21,"column":19},"end":{"line":23,"column":5}},"loc":{"start":{"line":21,"column":19},"end":{"line":23,"column":5}},"line":21},"3":{"name":"setGender","decl":{"start":{"line":24,"column":15},"end":{"line":26,"column":5}},"loc":{"start":{"line":24,"column":15},"end":{"line":26,"column":5}},"line":24},"4":{"name":"setCities","decl":{"start":{"line":27,"column":15},"end":{"line":29,"column":5}},"loc":{"start":{"line":27,"column":15},"end":{"line":29,"column":5}},"line":27},"5":{"name":"resetFilters","decl":{"start":{"line":30,"column":18},"end":{"line":32,"column":5}},"loc":{"start":{"line":30,"column":18},"end":{"line":32,"column":5}},"line":30}},"f":{"0":1,"1":1,"2":1,"3":1,"4":1,"5":1}}
,"C:\\Users\\verau\\Desktop\\Projects\\SkillSwap_45_1\\src\\features\\filters\\model\\selectors.ts": {"path":"C:\\Users\\verau\\Desktop\\Projects\\SkillSwap_45_1\\src\\features\\filters\\model\\selectors.ts","all":false,"statementMap":{"0":{"start":{"line":1,"column":0},"end":{"line":1,"column":50}},"1":{"start":{"line":2,"column":0},"end":{"line":2,"column":50}},"2":{"start":{"line":3,"column":0},"end":{"line":3,"column":45}},"3":{"start":{"line":4,"column":0},"end":{"line":4,"column":51}},"4":{"start":{"line":5,"column":0},"end":{"line":5,"column":53}},"5":{"start":{"line":6,"column":0},"end":{"line":6,"column":59}},"6":{"start":{"line":7,"column":0},"end":{"line":7,"column":0}},"7":{"start":{"line":8,"column":0},"end":{"line":8,"column":80}},"8":{"start":{"line":9,"column":0},"end":{"line":9,"column":0}},"9":{"start":{"line":10,"column":0},"end":{"line":10,"column":50}},"10":{"start":{"line":11,"column":0},"end":{"line":11,"column":28}},"11":{"start":{"line":12,"column":0},"end":{"line":12,"column":54}},"12":{"start":{"line":13,"column":0},"end":{"line":13,"column":23}},"13":{"start":{"line":14,"column":0},"end":{"line":14,"column":0}},"14":{"start":{"line":15,"column":0},"end":{"line":15,"column":27}},"15":{"start":{"line":16,"column":0},"end":{"line":16,"column":0}},"16":{"start":{"line":17,"column":0},"end":{"line":17,"column":35}},"17":{"start":{"line":18,"column":0},"end":{"line":18,"column":39}},"18":{"start":{"line":19,"column":0},"end":{"line":19,"column":40}},"19":{"start":{"line":20,"column":0},"end":{"line":20,"column":33}},"20":{"start":{"line":21,"column":0},"end":{"line":21,"column":39}},"21":{"start":{"line":22,"column":0},"end":{"line":22,"column":45}},"22":{"start":{"line":23,"column":0},"end":{"line":23,"column":47}},"23":{"start":{"line":24,"column":0},"end":{"line":24,"column":45}},"24":{"start":{"line":25,"column":0},"end":{"line":25,"column":7}},"25":{"start":{"line":26,"column":0},"end":{"line":26,"column":0}},"26":{"start":{"line":27,"column":0},"end":{"line":27,"column":27}},"27":{"start":{"line":28,"column":0},"end":{"line":28,"column":71}},"28":{"start":{"line":29,"column":0},"end":{"line":29,"column":21}},"29":{"start":{"line":30,"column":0},"end":{"line":30,"column":7}},"30":{"start":{"line":31,"column":0},"end":{"line":31,"column":0}},"31":{"start":{"line":32,"column":0},"end":{"line":32,"column":30}},"32":{"start":{"line":33,"column":0},"end":{"line":33,"column":87}},"33":{"start":{"line":34,"column":0},"end":{"line":34,"column":21}},"34":{"start":{"line":35,"column":0},"end":{"line":35,"column":7}},"35":{"start":{"line":36,"column":0},"end":{"line":36,"column":0}},"36":{"start":{"line":37,"column":0},"end":{"line":37,"column":49}},"37":{"start":{"line":38,"column":0},"end":{"line":38,"column":55}},"38":{"start":{"line":39,"column":0},"end":{"line":39,"column":40}},"39":{"start":{"line":40,"column":0},"end":{"line":40,"column":0}},"40":{"start":{"line":41,"column":0},"end":{"line":41,"column":98}},"41":{"start":{"line":42,"column":0},"end":{"line":42,"column":51}},"42":{"start":{"line":43,"column":0},"end":{"line":43,"column":0}},"43":{"start":{"line":44,"column":0},"end":{"line":44,"column":59}},"44":{"start":{"line":45,"column":0},"end":{"line":45,"column":41}},"45":{"start":{"line":46,"column":0},"end":{"line":46,"column":53}},"46":{"start":{"line":47,"column":0},"end":{"line":47,"column":51}},"47":{"start":{"line":48,"column":0},"end":{"line":48,"column":54}},"48":{"start":{"line":49,"column":0},"end":{"line":49,"column":17}},"49":{"start":{"line":50,"column":0},"end":{"line":50,"column":52}},"50":{"start":{"line":51,"column":0},"end":{"line":51,"column":51}},"51":{"start":{"line":52,"column":0},"end":{"line":52,"column":54}},"52":{"start":{"line":53,"column":0},"end":{"line":53,"column":15}},"53":{"start":{"line":54,"column":0},"end":{"line":54,"column":0}},"54":{"start":{"line":55,"column":0},"end":{"line":55,"column":40}},"55":{"start":{"line":56,"column":0},"end":{"line":56,"column":53}},"56":{"start":{"line":57,"column":0},"end":{"line":57,"column":41}},"57":{"start":{"line":58,"column":0},"end":{"line":58,"column":20}},"58":{"start":{"line":59,"column":0},"end":{"line":59,"column":13}},"59":{"start":{"line":60,"column":0},"end":{"line":60,"column":0}},"60":{"start":{"line":61,"column":0},"end":{"line":61,"column":54}},"61":{"start":{"line":62,"column":0},"end":{"line":62,"column":88}},"62":{"start":{"line":63,"column":0},"end":{"line":63,"column":51}},"63":{"start":{"line":64,"column":0},"end":{"line":64,"column":22}},"64":{"start":{"line":65,"column":0},"end":{"line":65,"column":57}},"65":{"start":{"line":66,"column":0},"end":{"line":66,"column":55}},"66":{"start":{"line":67,"column":0},"end":{"line":67,"column":59}},"67":{"start":{"line":68,"column":0},"end":{"line":68,"column":21}},"68":{"start":{"line":69,"column":0},"end":{"line":69,"column":56}},"69":{"start":{"line":70,"column":0},"end":{"line":70,"column":55}},"70":{"start":{"line":71,"column":0},"end":{"line":71,"column":59}},"71":{"start":{"line":72,"column":0},"end":{"line":72,"column":18}},"72":{"start":{"line":73,"column":0},"end":{"line":73,"column":16}},"73":{"start":{"line":74,"column":0},"end":{"line":74,"column":15}},"74":{"start":{"line":75,"column":0},"end":{"line":75,"column":0}},"75":{"start":{"line":76,"column":0},"end":{"line":76,"column":41}},"76":{"start":{"line":77,"column":0},"end":{"line":77,"column":41}},"77":{"start":{"line":78,"column":0},"end":{"line":78,"column":20}},"78":{"start":{"line":79,"column":0},"end":{"line":79,"column":13}},"79":{"start":{"line":80,"column":0},"end":{"line":80,"column":11}},"80":{"start":{"line":81,"column":0},"end":{"line":81,"column":9}},"81":{"start":{"line":82,"column":0},"end":{"line":82,"column":0}},"82":{"start":{"line":83,"column":0},"end":{"line":83,"column":47}},"83":{"start":{"line":84,"column":0},"end":{"line":84,"column":7}},"84":{"start":{"line":85,"column":0},"end":{"line":85,"column":0}},"85":{"start":{"line":86,"column":0},"end":{"line":86,"column":18}},"86":{"start":{"line":87,"column":0},"end":{"line":87,"column":7}},"87":{"start":{"line":88,"column":0},"end":{"line":88,"column":4}},"88":{"start":{"line":89,"column":0},"end":{"line":89,"column":2}}},"s":{"0":1,"1":1,"2":1,"3":1,"4":1,"5":1,"6":1,"7":1,"8":1,"9":1,"10":1,"11":1,"12":5,"13":4,"14":4,"15":4,"16":4,"17":8,"18":8,"19":2,"20":2,"21":2,"22":2,"23":2,"24":2,"25":7,"26":7,"27":8,"28":1,"29":1,"30":6,"31":6,"32":8,"33":1,"34":1,"35":5,"36":5,"37":8,"38":2,"39":2,"40":2,"41":2,"42":2,"43":2,"44":2,"45":2,"46":2,"47":2,"48":2,"49":1,"50":1,"51":1,"52":2,"53":2,"54":2,"55":1,"56":0,"57":0,"58":0,"59":1,"60":1,"61":1,"62":1,"63":1,"64":1,"65":1,"66":1,"67":1,"68":0,"69":0,"70":0,"71":0,"72":1,"73":1,"74":1,"75":1,"76":1,"77":1,"78":1,"79":1,"80":2,"81":2,"82":2,"83":2,"84":4,"85":4,"86":4,"87":4,"88":1},"branchMap":{"0":{"type":"branch","line":8,"loc":{"start":{"line":8,"column":29},"end":{"line":8,"column":79}},"locations":[{"start":{"line":8,"column":29},"end":{"line":8,"column":79}}]},"1":{"type":"branch","line":12,"loc":{"start":{"line":12,"column":2},"end":{"line":88,"column":4}},"locations":[{"start":{"line":12,"column":2},"end":{"line":88,"column":4}}]},"2":{"type":"branch","line":13,"loc":{"start":{"line":13,"column":13},"end":{"line":13,"column":23}},"locations":[{"start":{"line":13,"column":13},"end":{"line":13,"column":23}}]},"3":{"type":"branch","line":14,"loc":{"start":{"line":14,"column":-2},"end":{"line":88,"column":4}},"locations":[{"start":{"line":14,"column":-2},"end":{"line":88,"column":4}}]},"4":{"type":"branch","line":17,"loc":{"start":{"line":17,"column":24},"end":{"line":87,"column":5}},"locations":[{"start":{"line":17,"column":24},"end":{"line":87,"column":5}}]},"5":{"type":"branch","line":19,"loc":{"start":{"line":19,"column":39},"end":{"line":25,"column":7}},"locations":[{"start":{"line":19,"column":39},"end":{"line":25,"column":7}}]},"6":{"type":"branch","line":23,"loc":{"start":{"line":23,"column":12},"end":{"line":23,"column":46}},"locations":[{"start":{"line":23,"column":12},"end":{"line":23,"column":46}}]},"7":{"type":"branch","line":24,"loc":{"start":{"line":24,"column":32},"end":{"line":24,"column":45}},"locations":[{"start":{"line":24,"column":32},"end":{"line":24,"column":45}}]},"8":{"type":"branch","line":26,"loc":{"start":{"line":26,"column":-2},"end":{"line":28,"column":38}},"locations":[{"start":{"line":26,"column":-2},"end":{"line":28,"column":38}}]},"9":{"type":"branch","line":28,"loc":{"start":{"line":28,"column":34},"end":{"line":28,"column":68}},"locations":[{"start":{"line":28,"column":34},"end":{"line":28,"column":68}}]},"10":{"type":"branch","line":28,"loc":{"start":{"line":28,"column":70},"end":{"line":30,"column":7}},"locations":[{"start":{"line":28,"column":70},"end":{"line":30,"column":7}}]},"11":{"type":"branch","line":31,"loc":{"start":{"line":31,"column":-2},"end":{"line":33,"column":39}},"locations":[{"start":{"line":31,"column":-2},"end":{"line":33,"column":39}}]},"12":{"type":"branch","line":33,"loc":{"start":{"line":33,"column":35},"end":{"line":33,"column":84}},"locations":[{"start":{"line":33,"column":35},"end":{"line":33,"column":84}}]},"13":{"type":"branch","line":33,"loc":{"start":{"line":33,"column":86},"end":{"line":35,"column":7}},"locations":[{"start":{"line":33,"column":86},"end":{"line":35,"column":7}}]},"14":{"type":"branch","line":36,"loc":{"start":{"line":36,"column":-2},"end":{"line":38,"column":54}},"locations":[{"start":{"line":36,"column":-2},"end":{"line":38,"column":54}}]},"15":{"type":"branch","line":38,"loc":{"start":{"line":38,"column":54},"end":{"line":84,"column":7}},"locations":[{"start":{"line":38,"column":54},"end":{"line":84,"column":7}}]},"16":{"type":"branch","line":49,"loc":{"start":{"line":49,"column":14},"end":{"line":53,"column":14}},"locations":[{"start":{"line":49,"column":14},"end":{"line":53,"column":14}}]},"17":{"type":"branch","line":55,"loc":{"start":{"line":55,"column":39},"end":{"line":80,"column":11}},"locations":[{"start":{"line":55,"column":39},"end":{"line":80,"column":11}}]},"18":{"type":"branch","line":56,"loc":{"start":{"line":56,"column":52},"end":{"line":59,"column":13}},"locations":[{"start":{"line":56,"column":52},"end":{"line":59,"column":13}}]},"19":{"type":"branch","line":83,"loc":{"start":{"line":83,"column":34},"end":{"line":83,"column":47}},"locations":[{"start":{"line":83,"column":34},"end":{"line":83,"column":47}}]},"20":{"type":"branch","line":85,"loc":{"start":{"line":85,"column":-2},"end":{"line":87,"column":5}},"locations":[{"start":{"line":85,"column":-2},"end":{"line":87,"column":5}}]},"21":{"type":"branch","line":46,"loc":{"start":{"line":46,"column":39},"end":{"line":49,"column":13}},"locations":[{"start":{"line":46,"column":39},"end":{"line":49,"column":13}}]},"22":{"type":"branch","line":48,"loc":{"start":{"line":48,"column":26},"end":{"line":48,"column":28}},"locations":[{"start":{"line":48,"column":26},"end":{"line":48,"column":28}}]},"23":{"type":"branch","line":50,"loc":{"start":{"line":50,"column":38},"end":{"line":53,"column":13}},"locations":[{"start":{"line":50,"column":38},"end":{"line":53,"column":13}}]},"24":{"type":"branch","line":52,"loc":{"start":{"line":52,"column":26},"end":{"line":52,"column":28}},"locations":[{"start":{"line":52,"column":26},"end":{"line":52,"column":28}}]},"25":{"type":"branch","line":62,"loc":{"start":{"line":62,"column":70},"end":{"line":74,"column":13}},"locations":[{"start":{"line":62,"column":70},"end":{"line":74,"column":13}}]},"26":{"type":"branch","line":68,"loc":{"start":{"line":68,"column":18},"end":{"line":72,"column":18}},"locations":[{"start":{"line":68,"column":18},"end":{"line":72,"column":18}}]},"27":{"type":"branch","line":65,"loc":{"start":{"line":65,"column":43},"end":{"line":68,"column":17}},"locations":[{"start":{"line":65,"column":43},"end":{"line":68,"column":17}}]},"28":{"type":"branch","line":67,"loc":{"start":{"line":67,"column":30},"end":{"line":67,"column":32}},"locations":[{"start":{"line":67,"column":30},"end":{"line":67,"column":32}}]}},"b":{"0":[6],"1":[5],"2":[1],"3":[4],"4":[8],"5":[2],"6":[0],"7":[1],"8":[7],"9":[2],"10":[1],"11":[6],"12":[2],"13":[1],"14":[5],"15":[2],"16":[1],"17":[1],"18":[0],"19":[1],"20":[4],"21":[2],"22":[0],"23":[1],"24":[0],"25":[1],"26":[0],"27":[1],"28":[0]},"fnMap":{"0":{"name":"selectFilters","decl":{"start":{"line":8,"column":29},"end":{"line":8,"column":79}},"loc":{"start":{"line":8,"column":29},"end":{"line":8,"column":79}},"line":8}},"f":{"0":6}}
,"C:\\Users\\verau\\Desktop\\Projects\\SkillSwap_45_1\\src\\features\\filters\\model\\utils.ts": {"path":"C:\\Users\\verau\\Desktop\\Projects\\SkillSwap_45_1\\src\\features\\filters\\model\\utils.ts","all":false,"statementMap":{"0":{"start":{"line":1,"column":0},"end":{"line":1,"column":73}},"1":{"start":{"line":2,"column":0},"end":{"line":2,"column":13}},"2":{"start":{"line":3,"column":0},"end":{"line":3,"column":22}},"3":{"start":{"line":4,"column":0},"end":{"line":4,"column":16}},"4":{"start":{"line":5,"column":0},"end":{"line":5,"column":23}},"5":{"start":{"line":6,"column":0},"end":{"line":6,"column":39}},"6":{"start":{"line":7,"column":0},"end":{"line":7,"column":78}},"7":{"start":{"line":8,"column":0},"end":{"line":8,"column":50}},"8":{"start":{"line":9,"column":0},"end":{"line":9,"column":0}},"9":{"start":{"line":10,"column":0},"end":{"line":10,"column":74}},"10":{"start":{"line":11,"column":0},"end":{"line":11,"column":99}},"11":{"start":{"line":12,"column":0},"end":{"line":12,"column":0}},"12":{"start":{"line":13,"column":0},"end":{"line":13,"column":68}},"13":{"start":{"line":14,"column":0},"end":{"line":14,"column":4}},"14":{"start":{"line":15,"column":0},"end":{"line":15,"column":35}},"15":{"start":{"line":16,"column":0},"end":{"line":16,"column":60}},"16":{"start":{"line":17,"column":0},"end":{"line":17,"column":28}},"17":{"start":{"line":18,"column":0},"end":{"line":18,"column":15}},"18":{"start":{"line":19,"column":0},"end":{"line":19,"column":22}},"19":{"start":{"line":20,"column":0},"end":{"line":20,"column":0}},"20":{"start":{"line":21,"column":0},"end":{"line":21,"column":36}},"21":{"start":{"line":22,"column":0},"end":{"line":22,"column":25}},"22":{"start":{"line":23,"column":0},"end":{"line":23,"column":37}},"23":{"start":{"line":24,"column":0},"end":{"line":24,"column":14}},"24":{"start":{"line":25,"column":0},"end":{"line":25,"column":16}},"25":{"start":{"line":26,"column":0},"end":{"line":26,"column":60}},"26":{"start":{"line":27,"column":0},"end":{"line":27,"column":12}},"27":{"start":{"line":28,"column":0},"end":{"line":28,"column":3}},"28":{"start":{"line":29,"column":0},"end":{"line":29,"column":64}},"29":{"start":{"line":30,"column":0},"end":{"line":30,"column":35}},"30":{"start":{"line":31,"column":0},"end":{"line":31,"column":36}},"31":{"start":{"line":32,"column":0},"end":{"line":32,"column":5}},"32":{"start":{"line":33,"column":0},"end":{"line":33,"column":5}},"33":{"start":{"line":34,"column":0},"end":{"line":34,"column":54}},"34":{"start":{"line":35,"column":0},"end":{"line":35,"column":12}},"35":{"start":{"line":36,"column":0},"end":{"line":36,"column":3}},"36":{"start":{"line":37,"column":0},"end":{"line":37,"column":33}},"37":{"start":{"line":38,"column":0},"end":{"line":38,"column":0}},"38":{"start":{"line":39,"column":0},"end":{"line":39,"column":15}},"39":{"start":{"line":40,"column":0},"end":{"line":40,"column":2}},"40":{"start":{"line":41,"column":0},"end":{"line":41,"column":0}},"41":{"start":{"line":42,"column":0},"end":{"line":42,"column":47}},"42":{"start":{"line":43,"column":0},"end":{"line":43,"column":31}},"43":{"start":{"line":44,"column":0},"end":{"line":44,"column":28}},"44":{"start":{"line":45,"column":0},"end":{"line":45,"column":88}},"45":{"start":{"line":46,"column":0},"end":{"line":46,"column":49}},"46":{"start":{"line":47,"column":0},"end":{"line":47,"column":27}},"47":{"start":{"line":48,"column":0},"end":{"line":48,"column":27}},"48":{"start":{"line":49,"column":0},"end":{"line":49,"column":5}},"49":{"start":{"line":50,"column":0},"end":{"line":50,"column":26}},"50":{"start":{"line":51,"column":0},"end":{"line":51,"column":24}},"51":{"start":{"line":52,"column":0},"end":{"line":52,"column":18}},"52":{"start":{"line":53,"column":0},"end":{"line":53,"column":7}},"53":{"start":{"line":54,"column":0},"end":{"line":54,"column":0}},"54":{"start":{"line":55,"column":0},"end":{"line":55,"column":15}},"55":{"start":{"line":56,"column":0},"end":{"line":56,"column":33}},"56":{"start":{"line":57,"column":0},"end":{"line":57,"column":2}},"57":{"start":{"line":58,"column":0},"end":{"line":58,"column":0}},"58":{"start":{"line":59,"column":0},"end":{"line":59,"column":69}},"59":{"start":{"line":60,"column":0},"end":{"line":60,"column":32}},"60":{"start":{"line":61,"column":0},"end":{"line":61,"column":27}},"61":{"start":{"line":62,"column":0},"end":{"line":62,"column":21}},"62":{"start":{"line":63,"column":0},"end":{"line":63,"column":6}},"63":{"start":{"line":64,"column":0},"end":{"line":64,"column":2}}},"s":{"0":1,"1":1,"2":1,"3":1,"4":1,"5":1,"6":1,"7":1,"8":1,"9":1,"10":1,"11":1,"12":1,"13":1,"14":1,"15":1,"16":1,"17":1,"18":1,"19":1,"20":1,"21":1,"22":1,"23":1,"24":1,"25":1,"26":1,"27":1,"28":1,"29":1,"30":1,"31":1,"32":1,"33":1,"34":1,"35":1,"36":1,"37":1,"38":1,"39":1,"40":1,"41":1,"42":1,"43":1,"44":1,"45":2,"46":2,"47":1,"48":1,"49":2,"50":2,"51":2,"52":2,"53":2,"54":2,"55":1,"56":1,"57":1,"58":1,"59":1,"60":2,"61":2,"62":1,"63":1},"branchMap":{"0":{"type":"branch","line":10,"loc":{"start":{"line":10,"column":47},"end":{"line":11,"column":98}},"locations":[{"start":{"line":10,"column":47},"end":{"line":11,"column":98}}]},"1":{"type":"branch","line":11,"loc":{"start":{"line":11,"column":20},"end":{"line":11,"column":70}},"locations":[{"start":{"line":11,"column":20},"end":{"line":11,"column":70}}]},"2":{"type":"branch","line":13,"loc":{"start":{"line":13,"column":41},"end":{"line":19,"column":21}},"locations":[{"start":{"line":13,"column":41},"end":{"line":19,"column":21}}]},"3":{"type":"branch","line":21,"loc":{"start":{"line":21,"column":35},"end":{"line":40,"column":2}},"locations":[{"start":{"line":21,"column":35},"end":{"line":40,"column":2}}]},"4":{"type":"branch","line":29,"loc":{"start":{"line":29,"column":44},"end":{"line":33,"column":3}},"locations":[{"start":{"line":29,"column":44},"end":{"line":33,"column":3}}]},"5":{"type":"branch","line":42,"loc":{"start":{"line":42,"column":46},"end":{"line":57,"column":2}},"locations":[{"start":{"line":42,"column":46},"end":{"line":57,"column":2}}]},"6":{"type":"branch","line":45,"loc":{"start":{"line":45,"column":30},"end":{"line":56,"column":3}},"locations":[{"start":{"line":45,"column":30},"end":{"line":56,"column":3}}]},"7":{"type":"branch","line":47,"loc":{"start":{"line":47,"column":26},"end":{"line":49,"column":5}},"locations":[{"start":{"line":47,"column":26},"end":{"line":49,"column":5}}]},"8":{"type":"branch","line":59,"loc":{"start":{"line":59,"column":38},"end":{"line":64,"column":2}},"locations":[{"start":{"line":59,"column":38},"end":{"line":64,"column":2}}]},"9":{"type":"branch","line":60,"loc":{"start":{"line":60,"column":20},"end":{"line":63,"column":4}},"locations":[{"start":{"line":60,"column":20},"end":{"line":63,"column":4}}]}},"b":{"0":[2],"1":[4],"2":[1],"3":[1],"4":[1],"5":[1],"6":[2],"7":[1],"8":[1],"9":[2]},"fnMap":{"0":{"name":"createDefaultCategoriesSelected","decl":{"start":{"line":10,"column":47},"end":{"line":11,"column":98}},"loc":{"start":{"line":10,"column":47},"end":{"line":11,"column":98}},"line":10},"1":{"name":"createDefaultFilterValues","decl":{"start":{"line":13,"column":41},"end":{"line":19,"column":21}},"loc":{"start":{"line":13,"column":41},"end":{"line":19,"column":21}},"line":13},"2":{"name":"countAppliedFilters","decl":{"start":{"line":21,"column":35},"end":{"line":40,"column":2}},"loc":{"start":{"line":21,"column":35},"end":{"line":40,"column":2}},"line":21},"3":{"name":"groupSubcategoriesByCategoryId","decl":{"start":{"line":42,"column":46},"end":{"line":57,"column":2}},"loc":{"start":{"line":42,"column":46},"end":{"line":57,"column":2}},"line":42},"4":{"name":"convertCitiesToOptions","decl":{"start":{"line":59,"column":38},"end":{"line":64,"column":2}},"loc":{"start":{"line":59,"column":38},"end":{"line":64,"column":2}},"line":59}},"f":{"0":2,"1":1,"2":1,"3":1,"4":1}}
}
