TN:
SF:src\app\store\db\selectors.ts
FN:3,selectDb
FN:4,selectDbStatus
FN:5,selectDbError
FNF:3
FNH:1
FNDA:6,selectDb
FNDA:0,selectDbStatus
FNDA:0,selectDbError
DA:1,1
DA:2,1
DA:3,1
DA:4,1
DA:5,1
LF:5
LH:5
BRDA:3,0,0,6
BRF:1
BRH:1
end_of_record
TN:
SF:src\features\filters\model\badges.ts
FN:18,buildAppliedBadges
FN:61,removeBadge
FNF:2
FNH:2
FNDA:4,buildAppliedBadges
FNDA:2,removeBadge
DA:1,1
DA:2,1
DA:3,1
DA:4,1
DA:5,1
DA:6,1
DA:7,1
DA:8,1
DA:9,1
DA:10,1
DA:11,1
DA:12,1
DA:13,1
DA:14,1
DA:15,1
DA:16,1
DA:17,1
DA:18,1
DA:19,4
DA:20,4
DA:21,4
DA:22,1
DA:23,1
DA:24,1
DA:25,1
DA:26,1
DA:27,1
DA:28,1
DA:29,1
DA:30,1
DA:31,1
DA:32,4
DA:33,4
DA:34,2
DA:35,2
DA:36,2
DA:37,2
DA:38,2
DA:39,2
DA:40,2
DA:41,2
DA:42,2
DA:43,1
DA:44,1
DA:45,1
DA:46,1
DA:47,1
DA:48,1
DA:49,1
DA:50,1
DA:51,1
DA:52,1
DA:53,1
DA:54,2
DA:55,2
DA:56,2
DA:57,4
DA:58,4
DA:59,4
DA:60,1
DA:61,1
DA:62,2
DA:63,2
DA:64,2
DA:65,2
DA:66,2
DA:67,2
DA:68,2
DA:69,1
DA:70,1
DA:71,1
DA:72,1
DA:73,1
DA:74,1
DA:75,1
DA:76,1
DA:77,1
DA:78,1
DA:79,1
DA:80,1
DA:81,1
DA:82,1
DA:83,1
DA:84,2
DA:85,2
DA:86,2
LF:86
LH:86
BRDA:18,0,0,4
BRDA:21,1,0,1
BRDA:33,2,0,2
BRDA:42,3,0,1
BRDA:22,4,0,2
BRDA:61,5,0,2
BRDA:68,6,0,1
BRDA:77,7,0,0
BRDA:81,8,0,1
BRF:9
BRH:8
end_of_record
TN:
SF:src\features\filters\model\defaults.ts
FNF:0
FNH:0
DA:1,1
DA:2,1
DA:3,1
DA:4,1
DA:5,1
DA:6,1
DA:7,1
DA:8,1
DA:9,1
DA:10,1
DA:11,1
DA:12,1
DA:13,1
DA:14,1
DA:15,1
DA:16,1
LF:16
LH:16
BRF:0
BRH:0
end_of_record
TN:
SF:src\features\filters\model\filtersSlice.ts
FN:15,setFilters
FN:18,setOfferType
FN:21,setCategories
FN:24,setGender
FN:27,setCities
FN:30,resetFilters
FNF:6
FNH:6
FNDA:1,setFilters
FNDA:1,setOfferType
FNDA:1,setCategories
FNDA:1,setGender
FNDA:1,setCities
FNDA:1,resetFilters
DA:1,1
DA:2,1
DA:3,1
DA:4,1
DA:5,1
DA:6,1
DA:7,1
DA:8,1
DA:9,1
DA:10,1
DA:11,1
DA:12,1
DA:13,1
DA:14,1
DA:15,1
DA:16,1
DA:17,1
DA:18,1
DA:19,1
DA:20,1
DA:21,1
DA:22,1
DA:23,1
DA:24,1
DA:25,1
DA:26,1
DA:27,1
DA:28,1
DA:29,1
DA:30,1
DA:31,1
DA:32,1
DA:33,1
DA:34,1
DA:35,1
DA:36,1
DA:37,1
DA:38,1
LF:38
LH:38
BRDA:15,0,0,1
BRDA:18,1,0,1
BRDA:21,2,0,1
BRDA:24,3,0,1
BRDA:27,4,0,1
BRDA:30,5,0,1
BRF:6
BRH:6
end_of_record
TN:
SF:src\features\filters\model\selectors.ts
FN:8,selectFilters
FNF:1
FNH:1
FNDA:6,selectFilters
DA:1,1
DA:2,1
DA:3,1
DA:4,1
DA:5,1
DA:6,1
DA:7,1
DA:8,1
DA:9,1
DA:10,1
DA:11,1
DA:12,1
DA:13,5
DA:14,4
DA:15,4
DA:16,4
DA:17,4
DA:18,8
DA:19,8
DA:20,2
DA:21,2
DA:22,2
DA:23,2
DA:24,2
DA:25,2
DA:26,7
DA:27,7
DA:28,8
DA:29,1
DA:30,1
DA:31,6
DA:32,6
DA:33,8
DA:34,1
DA:35,1
DA:36,5
DA:37,5
DA:38,8
DA:39,2
DA:40,2
DA:41,2
DA:42,2
DA:43,2
DA:44,2
DA:45,2
DA:46,2
DA:47,2
DA:48,2
DA:49,2
DA:50,1
DA:51,1
DA:52,1
DA:53,2
DA:54,2
DA:55,2
DA:56,1
DA:57,0
DA:58,0
DA:59,0
DA:60,1
DA:61,1
DA:62,1
DA:63,1
DA:64,1
DA:65,1
DA:66,1
DA:67,1
DA:68,1
DA:69,0
DA:70,0
DA:71,0
DA:72,0
DA:73,1
DA:74,1
DA:75,1
DA:76,1
DA:77,1
DA:78,1
DA:79,1
DA:80,1
DA:81,2
DA:82,2
DA:83,2
DA:84,2
DA:85,4
DA:86,4
DA:87,4
DA:88,4
DA:89,1
LF:89
LH:82
BRDA:8,0,0,6
BRDA:12,1,0,5
BRDA:13,2,0,1
BRDA:14,3,0,4
BRDA:17,4,0,8
BRDA:19,5,0,2
BRDA:23,6,0,0
BRDA:24,7,0,1
BRDA:26,8,0,7
BRDA:28,9,0,2
BRDA:28,10,0,1
BRDA:31,11,0,6
BRDA:33,12,0,2
BRDA:33,13,0,1
BRDA:36,14,0,5
BRDA:38,15,0,2
BRDA:49,16,0,1
BRDA:55,17,0,1
BRDA:56,18,0,0
BRDA:83,19,0,1
BRDA:85,20,0,4
BRDA:46,21,0,2
BRDA:48,22,0,0
BRDA:50,23,0,1
BRDA:52,24,0,0
BRDA:62,25,0,1
BRDA:68,26,0,0
BRDA:65,27,0,1
BRDA:67,28,0,0
BRF:29
BRH:23
end_of_record
TN:
SF:src\features\filters\model\utils.ts
FN:10,createDefaultCategoriesSelected
FN:13,createDefaultFilterValues
FN:21,countAppliedFilters
FN:42,groupSubcategoriesByCategoryId
FN:59,convertCitiesToOptions
FNF:5
FNH:5
FNDA:2,createDefaultCategoriesSelected
FNDA:1,createDefaultFilterValues
FNDA:1,countAppliedFilters
FNDA:1,groupSubcategoriesByCategoryId
FNDA:1,convertCitiesToOptions
DA:1,1
DA:2,1
DA:3,1
DA:4,1
DA:5,1
DA:6,1
DA:7,1
DA:8,1
DA:9,1
DA:10,1
DA:11,1
DA:12,1
DA:13,1
DA:14,1
DA:15,1
DA:16,1
DA:17,1
DA:18,1
DA:19,1
DA:20,1
DA:21,1
DA:22,1
DA:23,1
DA:24,1
DA:25,1
DA:26,1
DA:27,1
DA:28,1
DA:29,1
DA:30,1
DA:31,1
DA:32,1
DA:33,1
DA:34,1
DA:35,1
DA:36,1
DA:37,1
DA:38,1
DA:39,1
DA:40,1
DA:41,1
DA:42,1
DA:43,1
DA:44,1
DA:45,1
DA:46,2
DA:47,2
DA:48,1
DA:49,1
DA:50,2
DA:51,2
DA:52,2
DA:53,2
DA:54,2
DA:55,2
DA:56,1
DA:57,1
DA:58,1
DA:59,1
DA:60,1
DA:61,2
DA:62,2
DA:63,1
DA:64,1
LF:64
LH:64
BRDA:10,0,0,2
BRDA:11,1,0,4
BRDA:13,2,0,1
BRDA:21,3,0,1
BRDA:29,4,0,1
BRDA:42,5,0,1
BRDA:45,6,0,2
BRDA:47,7,0,1
BRDA:59,8,0,1
BRDA:60,9,0,2
BRF:10
BRH:10
end_of_record
